{"contracts/Lock.sol":{"l":{"14":4,"19":3,"20":3,"27":5,"28":4,"30":3,"32":3},"path":"/home/pavan/crypto/v3.0/contracts/Lock.sol","s":{"1":4,"2":5,"3":4,"4":3,"5":3},"b":{"1":[3,1],"2":[4,1],"3":[3,1]},"f":{"1":4,"2":5},"fnMap":{"1":{"name":"constructor","line":13,"loc":{"start":{"line":13,"column":4},"end":{"line":21,"column":4}}},"2":{"name":"withdraw","line":23,"loc":{"start":{"line":23,"column":4},"end":{"line":33,"column":4}}}},"statementMap":{"1":{"start":{"line":14,"column":8},"end":{"line":14,"column":327}},"2":{"start":{"line":27,"column":8},"end":{"line":27,"column":71}},"3":{"start":{"line":28,"column":8},"end":{"line":28,"column":59}},"4":{"start":{"line":30,"column":8},"end":{"line":30,"column":63}},"5":{"start":{"line":32,"column":8},"end":{"line":32,"column":44}}},"branchMap":{"1":{"line":14,"type":"if","locations":[{"start":{"line":14,"column":8},"end":{"line":14,"column":8}},{"start":{"line":14,"column":8},"end":{"line":14,"column":8}}]},"2":{"line":27,"type":"if","locations":[{"start":{"line":27,"column":8},"end":{"line":27,"column":8}},{"start":{"line":27,"column":8},"end":{"line":27,"column":8}}]},"3":{"line":28,"type":"if","locations":[{"start":{"line":28,"column":8},"end":{"line":28,"column":8}},{"start":{"line":28,"column":8},"end":{"line":28,"column":8}}]}}},"contracts/NFTDutchAuction_ERC20Bids.sol":{"l":{"19":5,"20":5,"21":5,"22":5,"23":5,"30":12,"33":5,"63":12,"64":12,"65":12,"66":12,"67":12,"68":12,"69":12,"73":12,"74":12,"76":12,"77":12,"81":5,"82":5,"83":1,"85":4,"90":5,"91":4,"92":1,"95":4,"100":3,"101":3,"104":3,"109":2,"114":1,"115":1,"116":1,"117":1},"path":"/home/pavan/crypto/v3.0/contracts/NFTDutchAuction_ERC20Bids.sol","s":{"1":5,"2":5,"3":5,"4":5,"5":5,"6":12,"7":5,"8":5,"9":5,"10":1,"11":4,"12":5,"13":4,"14":4,"15":3,"16":3,"17":3,"18":2,"19":1,"20":1,"21":1},"b":{"1":[1,4],"2":[4,1],"3":[1,3],"4":[3,1],"5":[2,1],"6":[1,1]},"f":{"1":12,"2":5,"3":12,"4":5,"5":12,"6":5,"7":5},"fnMap":{"1":{"name":"constructor","line":16,"loc":{"start":{"line":16,"column":4},"end":{"line":16,"column":52}}},"2":{"name":"mint","line":18,"loc":{"start":{"line":18,"column":4},"end":{"line":24,"column":4}}},"3":{"name":"constructor","line":28,"loc":{"start":{"line":28,"column":4},"end":{"line":31,"column":4}}},"4":{"name":"mint","line":32,"loc":{"start":{"line":32,"column":4},"end":{"line":34,"column":4}}},"5":{"name":"constructor","line":55,"loc":{"start":{"line":55,"column":4},"end":{"line":78,"column":4}}},"6":{"name":"getCurrentPrice","line":80,"loc":{"start":{"line":80,"column":4},"end":{"line":87,"column":4}}},"7":{"name":"bid","line":89,"loc":{"start":{"line":89,"column":4},"end":{"line":118,"column":4}}}},"statementMap":{"1":{"start":{"line":19,"column":8},"end":{"line":19,"column":54}},"2":{"start":{"line":20,"column":8},"end":{"line":20,"column":35}},"3":{"start":{"line":21,"column":8},"end":{"line":21,"column":44}},"4":{"start":{"line":22,"column":8},"end":{"line":22,"column":34}},"5":{"start":{"line":23,"column":8},"end":{"line":23,"column":25}},"6":{"start":{"line":30,"column":8},"end":{"line":30,"column":34}},"7":{"start":{"line":33,"column":8},"end":{"line":33,"column":24}},"8":{"start":{"line":81,"column":8},"end":{"line":81,"column":58}},"9":{"start":{"line":82,"column":8},"end":{"line":82,"column":2819}},"10":{"start":{"line":83,"column":12},"end":{"line":83,"column":31}},"11":{"start":{"line":85,"column":12},"end":{"line":85,"column":64}},"12":{"start":{"line":90,"column":8},"end":{"line":90,"column":58}},"13":{"start":{"line":91,"column":8},"end":{"line":91,"column":3124}},"14":{"start":{"line":95,"column":8},"end":{"line":95,"column":3240}},"15":{"start":{"line":100,"column":8},"end":{"line":100,"column":58}},"16":{"start":{"line":101,"column":8},"end":{"line":101,"column":80}},"17":{"start":{"line":104,"column":8},"end":{"line":104,"column":3514}},"18":{"start":{"line":109,"column":8},"end":{"line":109,"column":3627}},"19":{"start":{"line":114,"column":8},"end":{"line":114,"column":68}},"20":{"start":{"line":115,"column":8},"end":{"line":115,"column":69}},"21":{"start":{"line":117,"column":8},"end":{"line":117,"column":25}}},"branchMap":{"1":{"line":82,"type":"if","locations":[{"start":{"line":82,"column":8},"end":{"line":82,"column":8}},{"start":{"line":82,"column":8},"end":{"line":82,"column":8}}]},"2":{"line":90,"type":"if","locations":[{"start":{"line":90,"column":8},"end":{"line":90,"column":8}},{"start":{"line":90,"column":8},"end":{"line":90,"column":8}}]},"3":{"line":91,"type":"if","locations":[{"start":{"line":91,"column":8},"end":{"line":91,"column":8}},{"start":{"line":91,"column":8},"end":{"line":91,"column":8}}]},"4":{"line":95,"type":"if","locations":[{"start":{"line":95,"column":8},"end":{"line":95,"column":8}},{"start":{"line":95,"column":8},"end":{"line":95,"column":8}}]},"5":{"line":104,"type":"if","locations":[{"start":{"line":104,"column":8},"end":{"line":104,"column":8}},{"start":{"line":104,"column":8},"end":{"line":104,"column":8}}]},"6":{"line":109,"type":"if","locations":[{"start":{"line":109,"column":8},"end":{"line":109,"column":8}},{"start":{"line":109,"column":8},"end":{"line":109,"column":8}}]}}}}