TN:
SF:/home/pavan/CrytoCourseProject/v3.0/contracts/Lock.sol
FN:13,constructor
FN:23,withdraw
FNF:2
FNH:2
FNDA:4,constructor
FNDA:5,withdraw
DA:14,4
DA:19,3
DA:20,3
DA:27,5
DA:28,4
DA:30,3
DA:32,3
LF:7
LH:7
BRDA:14,1,0,3
BRDA:14,1,1,1
BRDA:27,2,0,4
BRDA:27,2,1,1
BRDA:28,3,0,3
BRDA:28,3,1,1
BRF:6
BRH:6
end_of_record
TN:
SF:/home/pavan/CrytoCourseProject/v3.0/contracts/NFTDutchAuction_ERC20Bids.sol
FN:16,constructor
FN:18,mint
FN:28,constructor
FN:32,mint
FN:55,constructor
FN:79,getCurrentPrice
FN:88,bid
FNF:7
FNH:7
FNDA:12,constructor
FNDA:5,mint
FNDA:12,constructor
FNDA:5,mint
FNDA:12,constructor
FNDA:5,getCurrentPrice
FNDA:5,bid
DA:19,5
DA:20,5
DA:21,5
DA:22,5
DA:23,5
DA:30,12
DA:33,5
DA:63,12
DA:64,12
DA:65,12
DA:66,12
DA:67,12
DA:68,12
DA:69,12
DA:72,12
DA:73,12
DA:75,12
DA:76,12
DA:80,5
DA:81,5
DA:82,1
DA:84,4
DA:89,5
DA:90,4
DA:91,1
DA:94,4
DA:99,3
DA:100,3
DA:103,3
DA:108,2
DA:113,1
DA:114,1
DA:115,1
DA:116,1
LF:34
LH:34
BRDA:81,1,0,1
BRDA:81,1,1,4
BRDA:89,2,0,4
BRDA:89,2,1,1
BRDA:90,3,0,1
BRDA:90,3,1,3
BRDA:94,4,0,3
BRDA:94,4,1,1
BRDA:103,5,0,2
BRDA:103,5,1,1
BRDA:108,6,0,1
BRDA:108,6,1,1
BRF:12
BRH:12
end_of_record
